2025-09-30 11:32:22,887 - INFO - Бот запущен
2025-09-30 11:32:37,348 - INFO - Пользователь: ID: 1461298537, Имя: A H 🇷🇺 (@POPUSKATEL282), Команда: /hide, Текст: '/hide'
2025-09-30 11:32:44,475 - INFO - Max cmd from id=1461298537 text='/max' -> []
2025-09-30 11:32:55,260 - INFO - Пользователь: ID: 1461298537, Имя: A H 🇷🇺 (@POPUSKATEL282), Команда: текст, Текст: '4 7 -7'
2025-09-30 11:33:01,015 - INFO - Max cmd from id=1461298537 text='/max' -> []
2025-09-30 11:33:07,233 - INFO - Пользователь: ID: 1461298537, Имя: A H 🇷🇺 (@POPUSKATEL282), Команда: текст, Текст: '4, 7, -7'
2025-09-30 11:33:19,627 - INFO - Max cmd from id=1461298537 text='/max 2, 5 , -7' -> [2, 5, -7]
2025-09-30 11:34:16,840 - INFO - Пользователь: ID: 1461298537, Имя: A H 🇷🇺 (@POPUSKATEL282), Команда: /hide, Текст: '/hide'
2025-09-30 11:34:21,866 - INFO - Пользователь: ID: 1461298537, Имя: A H 🇷🇺 (@POPUSKATEL282), Команда: /help, Текст: '/help'
2025-09-30 11:34:23,837 - INFO - Sum cmd from id=1461298537 text='/sum' -> []
2025-09-30 11:34:29,512 - INFO - Пользователь: ID: 1461298537, Имя: A H 🇷🇺 (@POPUSKATEL282), Команда: текст, Текст: '4, 5 9'
2025-09-30 11:34:32,346 - INFO - Пользователь: ID: 1461298537, Имя: A H 🇷🇺 (@POPUSKATEL282), Команда: текст, Текст: '4 5'
2025-09-30 11:34:35,027 - INFO - Sum cmd from id=1461298537 text='/sum' -> []
2025-09-30 11:34:39,354 - INFO - Пользователь: ID: 1461298537, Имя: A H 🇷🇺 (@POPUSKATEL282), Команда: текст, Текст: '4, 5'
2025-09-30 11:35:42,522 - ERROR - Infinity polling: polling exited
2025-09-30 11:35:42,522 - ERROR - Break infinity polling
2025-09-30 11:35:43,182 - INFO - Бот запущен
2025-09-30 11:35:57,058 - INFO - Пользователь: ID: 1461298537, Имя: A H 🇷🇺 (@POPUSKATEL282), Команда: /start, Текст: '/start'
2025-09-30 11:36:00,668 - INFO - Пользователь: ID: 1461298537, Имя: A H 🇷🇺 (@POPUSKATEL282), Команда: Кнопка Сумма, Текст: 'Сумма'
2025-09-30 11:36:04,080 - INFO - KB-sum next step from id=1461298537 text='2 4 5' -> [2, 4, 5]
2025-09-30 11:36:11,272 - INFO - Sum cmd from id=1461298537 text='/sum' -> []
2025-09-30 11:36:15,816 - INFO - Пользователь: ID: 1461298537, Имя: A H 🇷🇺 (@POPUSKATEL282), Команда: текст, Текст: '2 4 5'
2025-09-30 11:36:33,875 - ERROR - Infinity polling: polling exited
2025-09-30 11:36:33,876 - ERROR - Break infinity polling
2025-09-30 11:36:34,455 - INFO - Бот запущен
2025-09-30 11:36:42,515 - INFO - Пользователь: ID: 1461298537, Имя: A H 🇷🇺 (@POPUSKATEL282), Команда: /max, Текст: '/max'
2025-09-30 11:36:47,704 - INFO - Max next step from id=1461298537 text='2 4 6' -> [2, 4, 6]
2025-09-30 11:36:55,651 - INFO - Пользователь: ID: 1461298537, Имя: A H 🇷🇺 (@POPUSKATEL282), Команда: /max, Текст: '/max'
2025-09-30 11:36:59,720 - INFO - Max next step from id=1461298537 text='-6 5 2' -> [-6, 5, 2]
2025-09-30 11:37:02,687 - INFO - Пользователь: ID: 1461298537, Имя: A H 🇷🇺 (@POPUSKATEL282), Команда: /max, Текст: '/max'
2025-09-30 11:37:06,526 - INFO - Max next step from id=1461298537 text='-3 -1 -4' -> [-3, -1, -4]
2025-09-30 11:44:47,942 - ERROR - Infinity polling: polling exited
2025-09-30 11:44:47,942 - ERROR - Break infinity polling
2025-09-30 11:44:48,482 - INFO - Бот запущен
2025-09-30 11:45:02,127 - INFO - Пользователь: ID: 1461298537, Имя: A H 🇷🇺 (@POPUSKATEL282), Команда: /start, Текст: '/start'
2025-09-30 11:45:09,750 - INFO - Пользователь: ID: 1461298537, Имя: A H 🇷🇺 (@POPUSKATEL282), Команда: Кнопка hide, Текст: 'hide'
2025-09-30 11:45:09,750 - INFO - Пользователь: ID: 1461298537, Имя: A H 🇷🇺 (@POPUSKATEL282), Команда: /hide, Текст: 'hide'
2025-09-30 11:45:13,366 - INFO - Пользователь: ID: 1461298537, Имя: A H 🇷🇺 (@POPUSKATEL282), Команда: /start, Текст: '/start'
2025-09-30 11:45:14,506 - INFO - Пользователь: ID: 1461298537, Имя: A H 🇷🇺 (@POPUSKATEL282), Команда: /hide, Текст: '/hide'
2025-09-30 11:45:18,401 - INFO - Пользователь: ID: 1461298537, Имя: A H 🇷🇺 (@POPUSKATEL282), Команда: /start, Текст: '/start'
2025-09-30 11:49:28,042 - ERROR - Infinity polling: polling exited
2025-09-30 11:49:28,042 - ERROR - Break infinity polling
2025-09-30 11:49:28,583 - INFO - Бот запущен
2025-09-30 11:49:30,034 - INFO - Пользователь: ID: 1461298537, Имя: A H 🇷🇺 (@POPUSKATEL282), Команда: /start, Текст: '/start'
2025-09-30 11:50:18,389 - INFO - Пользователь: ID: 1461298537, Имя: A H 🇷🇺 (@POPUSKATEL282), Команда: Кнопка about, Текст: 'about'
2025-09-30 11:50:18,389 - INFO - Пользователь: ID: 1461298537, Имя: A H 🇷🇺 (@POPUSKATEL282), Команда: /about, Текст: 'about'
2025-09-30 11:50:21,600 - INFO - Пользователь: ID: 1461298537, Имя: A H 🇷🇺 (@POPUSKATEL282), Команда: Кнопка sum, Текст: 'sum'
2025-09-30 11:50:21,600 - INFO - Пользователь: ID: 1461298537, Имя: A H 🇷🇺 (@POPUSKATEL282), Команда: Кнопка Сумма, Текст: 'sum'
2025-09-30 11:50:25,377 - INFO - KB-sum next step from id=1461298537 text='2 3 5' -> [2, 3, 5]
2025-09-30 11:50:30,521 - INFO - Пользователь: ID: 1461298537, Имя: A H 🇷🇺 (@POPUSKATEL282), Команда: Кнопка show, Текст: 'show'
2025-09-30 11:51:02,024 - INFO - Пользователь: ID: 1461298537, Имя: A H 🇷🇺 (@POPUSKATEL282), Команда: /help, Текст: '/help'
2025-09-30 11:51:03,805 - INFO - Пользователь: ID: 1461298537, Имя: A H 🇷🇺 (@POPUSKATEL282), Команда: /confirm, Текст: '/confirm'
2025-09-30 11:51:13,137 - INFO - Пользователь 1461298537 выбрал: yes
2025-09-30 11:51:19,942 - INFO - Пользователь: ID: 1461298537, Имя: A H 🇷🇺 (@POPUSKATEL282), Команда: /confirm, Текст: '/confirm'
2025-09-30 11:51:21,541 - INFO - Пользователь 1461298537 выбрал: no
2025-09-30 13:39:51,344 - ERROR - Infinity polling: polling exited
2025-09-30 13:39:51,345 - ERROR - Break infinity polling
2025-09-30 13:39:51,624 - INFO - Бот запущен
2025-09-30 13:42:58,914 - ERROR - Infinity polling: polling exited
2025-09-30 13:42:58,914 - ERROR - Break infinity polling
