2025-09-20 09:22:32,820 - INFO - Бот запускается...
2025-09-20 09:34:08,730 - ERROR - Infinity polling: polling exited
2025-09-20 09:34:08,731 - ERROR - Break infinity polling
2025-09-20 09:34:08,731 - INFO - Бот успешно запущен
2025-09-20 09:34:08,731 - INFO - Бот завершил работу
2025-09-20 09:40:37,257 - INFO - Бот запускается...
2025-09-20 09:42:13,632 - INFO - Пользователь: ID: 1461298537, Имя: A H 🇷🇺 (@POPUSKATEL282), Команда: /start, Сообщение: '/start'
2025-09-20 09:42:14,071 - INFO - Команда /start успешно обработана
2025-09-20 09:42:15,267 - INFO - Пользователь: ID: 1461298537, Имя: A H 🇷🇺 (@POPUSKATEL282), Команда: /help, Сообщение: '/help'
2025-09-20 09:42:15,339 - INFO - Команда /help успешно обработана
2025-09-20 09:42:38,440 - INFO - Пользователь: ID: 1461298537, Имя: A H 🇷🇺 (@POPUSKATEL282), Команда: /sum, Сообщение: '/sum 3 5'
2025-09-20 09:42:38,890 - INFO - Команда /sum успешно обработана. Сумма: 8
2025-09-20 09:42:53,464 - ERROR - Infinity polling: polling exited
2025-09-20 09:42:53,464 - ERROR - Break infinity polling
2025-09-20 09:42:53,465 - INFO - Бот успешно запущен
2025-09-20 09:42:53,465 - INFO - Бот завершил работу
2025-09-20 09:51:33,374 - INFO - Бот запускается...
2025-09-20 09:51:44,747 - INFO - Пользователь: ID: 1461298537, Имя: A H 🇷🇺 (@POPUSKATEL282), Команда: /start, Сообщение: '/start'
2025-09-20 09:51:45,176 - INFO - Команда /start успешно обработана
2025-09-20 10:03:47,052 - ERROR - Infinity polling: polling exited
2025-09-20 10:03:47,052 - ERROR - Break infinity polling
2025-09-20 10:03:47,052 - INFO - Бот успешно запущен
2025-09-20 10:03:47,052 - INFO - Бот завершил работу
2025-09-20 10:05:10,111 - INFO - Бот запускается...
2025-09-20 10:05:14,157 - INFO - Пользователь: ID: 1461298537, Имя: A H 🇷🇺 (@POPUSKATEL282), Команда: /start, Сообщение: '/start'
2025-09-20 10:05:14,696 - INFO - Команда /start успешно обработана
2025-09-20 10:05:14,835 - INFO - Пользователь: ID: 1461298537, Имя: A H 🇷🇺 (@POPUSKATEL282), Команда: текст, Сообщение: 'O боте'
2025-09-20 10:05:14,995 - INFO - Текстовое сообщение обработано
2025-09-20 10:05:16,083 - INFO - Пользователь: ID: 1461298537, Имя: A H 🇷🇺 (@POPUSKATEL282), Команда: текст, Сообщение: 'Cумма'
2025-09-20 10:05:16,567 - INFO - Текстовое сообщение обработано
2025-09-20 10:05:20,124 - INFO - Пользователь: ID: 1461298537, Имя: A H 🇷🇺 (@POPUSKATEL282), Команда: текст, Сообщение: '3 5'
2025-09-20 10:05:20,264 - INFO - Текстовое сообщение обработано
2025-09-20 10:05:24,081 - INFO - Пользователь: ID: 1461298537, Имя: A H 🇷🇺 (@POPUSKATEL282), Команда: /help, Сообщение: '/help'
2025-09-20 10:05:24,154 - INFO - Команда /help успешно обработана
2025-09-20 10:05:27,629 - INFO - Пользователь: ID: 1461298537, Имя: A H 🇷🇺 (@POPUSKATEL282), Команда: текст, Сообщение: 'Cумма'
2025-09-20 10:05:27,754 - INFO - Текстовое сообщение обработано
2025-09-20 10:08:06,109 - ERROR - Infinity polling: polling exited
2025-09-20 10:08:06,110 - ERROR - Break infinity polling
2025-09-20 10:08:06,110 - INFO - Бот успешно запущен
2025-09-20 10:08:06,110 - INFO - Бот завершил работу
2025-09-20 10:08:06,443 - INFO - Бот запущен
2025-09-20 10:08:12,556 - INFO - Пользователь: ID: 1461298537, Имя: A H 🇷🇺 (@POPUSKATEL282), Команда: /start, Текст: '/start'
2025-09-20 10:08:14,090 - INFO - Пользователь: ID: 1461298537, Имя: A H 🇷🇺 (@POPUSKATEL282), Команда: текст, Текст: 'Cумма'
2025-09-20 10:10:26,622 - ERROR - Infinity polling: polling exited
2025-09-20 10:10:26,622 - ERROR - Break infinity polling
2025-09-20 10:10:26,998 - INFO - Бот запущен
2025-09-20 10:10:39,443 - ERROR - Infinity polling: polling exited
2025-09-20 10:10:39,443 - ERROR - Break infinity polling
2025-09-20 10:10:39,813 - INFO - Бот запущен
2025-09-20 10:13:13,872 - ERROR - Infinity polling: polling exited
2025-09-20 10:13:13,872 - ERROR - Break infinity polling
2025-09-20 10:13:14,219 - INFO - Бот запущен
2025-09-20 10:13:19,837 - INFO - Пользователь: ID: 1461298537, Имя: A H 🇷🇺 (@POPUSKATEL282), Команда: /start, Текст: '/start'
2025-09-20 10:13:21,784 - INFO - Пользователь: ID: 1461298537, Имя: A H 🇷🇺 (@POPUSKATEL282), Команда: Кнопка Сумма, Текст: 'Сумма'
2025-09-20 10:13:28,934 - INFO - KB-sum next step from id=1461298537 text='5 6' -> [5, 6]
2025-09-20 10:16:02,057 - INFO - Пользователь: ID: 1461298537, Имя: A H 🇷🇺 (@POPUSKATEL282), Команда: Кнопка Сумма, Текст: 'Сумма'
2025-09-20 10:16:04,407 - INFO - KB-sum next step from id=1461298537 text='Оаоа' -> []
2025-09-20 10:16:19,452 - ERROR - Infinity polling: polling exited
2025-09-20 10:16:19,452 - ERROR - Break infinity polling
2025-09-20 10:16:19,827 - INFO - Бот запущен
2025-09-20 10:16:24,116 - INFO - Пользователь: ID: 1461298537, Имя: A H 🇷🇺 (@POPUSKATEL282), Команда: /start, Текст: '/start'
2025-09-20 10:16:25,158 - INFO - Пользователь: ID: 1461298537, Имя: A H 🇷🇺 (@POPUSKATEL282), Команда: Кнопка Сумма, Текст: 'Сумма'
2025-09-20 10:16:28,371 - INFO - KB-sum next step from id=1461298537 text='Z' -> []
2025-09-20 10:24:01,789 - ERROR - Infinity polling: polling exited
2025-09-20 10:24:01,789 - ERROR - Break infinity polling
2025-09-20 10:24:02,162 - INFO - Бот запущен
2025-09-20 10:24:12,743 - INFO - KB-sum next step from id=1461298537 text='3 4' -> [3, 4]
2025-09-20 10:32:07,627 - INFO - KB-sum next step from id=1461298537 text='Сумма' -> []
2025-09-20 10:32:10,367 - INFO - Пользователь: ID: 1461298537, Имя: A H 🇷🇺 (@POPUSKATEL282), Команда: текст, Текст: '4 6'
2025-09-20 10:32:20,932 - INFO - KB-sum next step from id=1461298537 text='3 4' -> [3, 4]
2025-09-20 10:39:20,338 - ERROR - Infinity polling: polling exited
2025-09-20 10:39:20,338 - ERROR - Break infinity polling
2025-09-20 10:39:20,725 - INFO - Бот запущен
2025-09-20 10:39:34,934 - INFO - Пользователь: ID: 1461298537, Имя: A H 🇷🇺 (@POPUSKATEL282), Команда: /start, Текст: '/start'
2025-09-20 10:39:37,159 - INFO - Пользователь: ID: 1461298537, Имя: A H 🇷🇺 (@POPUSKATEL282), Команда: /help, Текст: '/help'
2025-09-20 10:39:49,173 - INFO - Пользователь: ID: 1461298537, Имя: A H 🇷🇺 (@POPUSKATEL282), Команда: текст, Текст: 'Hide'
2025-09-20 10:39:59,832 - INFO - Пользователь: ID: 1461298537, Имя: A H 🇷🇺 (@POPUSKATEL282), Команда: текст, Текст: 'Hide'
2025-09-20 10:40:07,723 - INFO - Пользователь: ID: 1461298537, Имя: A H 🇷🇺 (@POPUSKATEL282), Команда: текст, Текст: 'hide'
2025-09-20 10:40:16,742 - ERROR - Infinity polling: polling exited
2025-09-20 10:40:16,742 - ERROR - Break infinity polling
2025-09-20 10:40:17,072 - INFO - Бот запущен
2025-09-20 10:40:25,026 - INFO - Пользователь: ID: 1461298537, Имя: A H 🇷🇺 (@POPUSKATEL282), Команда: /help, Текст: '/help'
2025-09-20 10:40:34,111 - INFO - Пользователь: ID: 1461298537, Имя: A H 🇷🇺 (@POPUSKATEL282), Команда: /start, Текст: '/start'
2025-09-20 10:41:06,340 - ERROR - Infinity polling: polling exited
2025-09-20 10:41:06,340 - ERROR - Break infinity polling
2025-09-20 10:41:07,059 - INFO - Бот запущен
2025-09-20 10:41:09,449 - INFO - Пользователь: ID: 1461298537, Имя: A H 🇷🇺 (@POPUSKATEL282), Команда: /start, Текст: '/start'
2025-09-20 10:46:16,817 - ERROR - Infinity polling: polling exited
2025-09-20 10:46:16,817 - ERROR - Break infinity polling
2025-09-20 10:46:17,200 - INFO - Бот запущен
2025-09-20 10:46:23,253 - INFO - Пользователь: ID: 1461298537, Имя: A H 🇷🇺 (@POPUSKATEL282), Команда: /start, Текст: '/start'
2025-09-20 10:46:26,406 - INFO - Пользователь: ID: 1461298537, Имя: A H 🇷🇺 (@POPUSKATEL282), Команда: /hide, Текст: '/hide'
2025-09-20 10:48:40,289 - INFO - Пользователь: ID: 1461298537, Имя: A H 🇷🇺 (@POPUSKATEL282), Команда: текст, Текст: '@bot.message_handler(commands=['confirm']) def confirm_cmd(m):

kb = types.InlineKeyboardMarkup()

kb.add(

types.InlineKeyboardButton("a", callback_data="confirm:yes"), types.InlineKeyboardButton("HeT", callback_data="confirm:no"),

bot.send message(m.chat.id, "Подтвердить действие?", reply_markup=kb)'
2025-09-20 10:50:46,653 - ERROR - Infinity polling: polling exited
2025-09-20 10:50:46,653 - ERROR - Break infinity polling
2025-09-20 10:53:33,023 - INFO - Бот запущен
2025-09-20 10:53:37,242 - INFO - Пользователь: ID: 1461298537, Имя: A H 🇷🇺 (@POPUSKATEL282), Команда: /start, Текст: '/start'
2025-09-20 10:53:54,634 - INFO - Пользователь: ID: 1461298537, Имя: A H 🇷🇺 (@POPUSKATEL282), Команда: Кнопка Сумма, Текст: 'Сумма'
2025-09-20 10:53:56,542 - INFO - KB-sum next step from id=1461298537 text='О боте' -> []
2025-09-20 10:54:01,192 - INFO - Пользователь: ID: 1461298537, Имя: A H 🇷🇺 (@POPUSKATEL282), Команда: текст, Текст: '2 3'
2025-09-20 10:54:43,563 - INFO - Пользователь: ID: 1461298537, Имя: A H 🇷🇺 (@POPUSKATEL282), Команда: /confirm, Текст: '/confirm'
2025-09-20 10:55:08,845 - INFO - Пользователь 1461298537 подтвердил действие
2025-09-20 10:56:46,915 - INFO - Пользователь: ID: 1461298537, Имя: A H 🇷🇺 (@POPUSKATEL282), Команда: /hide, Текст: '/hide'
2025-09-20 10:56:48,885 - INFO - Пользователь: ID: 1461298537, Имя: A H 🇷🇺 (@POPUSKATEL282), Команда: текст, Текст: '@bot.callback_query_handler(func=lambda c: c.data.startswith("confirm:")) def on_confirm(c):

# Извлекаем выбор пользователя choice = c.data.split(":", 1)[1] # "yes" или "no"

# Показываем "тик" на нажатой кнопке

bot.answer callback query (c.id, "Принято")

# Убираем inline-кнопки

bot.edit_message_reply_markup(c.message.chat.id, c.message.message_id, reply_markup=None)

# Отправляем результат bot.send_message(c.message.chat.id, "Готово!" if choice == "yes" else "Отменено.")'
2025-09-20 10:59:01,312 - ERROR - Infinity polling: polling exited
2025-09-20 10:59:01,312 - ERROR - Break infinity polling
2025-09-20 11:02:52,221 - INFO - Бот запущен
2025-09-20 11:02:58,390 - INFO - Пользователь: ID: 1461298537, Имя: A H 🇷🇺 (@POPUSKATEL282), Команда: /confirm, Текст: '/confirm'
2025-09-20 11:02:59,788 - INFO - Пользователь 1461298537 выбрал: yes
2025-09-20 11:03:01,714 - INFO - Пользователь: ID: 1461298537, Имя: A H 🇷🇺 (@POPUSKATEL282), Команда: /confirm, Текст: '/confirm'
2025-09-20 11:03:02,876 - INFO - Пользователь 1461298537 выбрал: no
2025-09-20 11:26:23,361 - ERROR - Infinity polling: polling exited
2025-09-20 11:26:23,361 - ERROR - Break infinity polling
2025-09-20 11:33:28,847 - INFO - Бот запущен
2025-09-20 11:33:41,743 - INFO - Пользователь: ID: 1461298537, Имя: A H 🇷🇺 (@POPUSKATEL282), Команда: /weather, Текст: '/weather'
2025-09-20 11:47:29,193 - ERROR - Infinity polling: polling exited
2025-09-20 11:47:29,194 - ERROR - Break infinity polling
2025-09-20 11:47:29,535 - INFO - Бот запущен
2025-09-20 11:47:36,691 - INFO - Пользователь: ID: 1461298537, Имя: A H 🇷🇺 (@POPUSKATEL282), Команда: /start, Текст: '/start'
2025-09-20 11:47:38,582 - INFO - Пользователь: ID: 1461298537, Имя: A H 🇷🇺 (@POPUSKATEL282), Команда: Кнопка Погода, Текст: 'Погода'
2025-09-20 11:47:47,603 - ERROR - Infinity polling: polling exited
2025-09-20 11:47:47,603 - ERROR - Break infinity polling
