2025-09-13 10:33:30,981 - INFO - Бот запускается...
2025-09-13 10:33:42,159 - INFO - Пользователь: ID: 1461298537, Имя: A H 🇷🇺 (@POPUSKATEL282), Команда: /start, Сообщение: '/start'
2025-09-13 10:33:42,835 - INFO - Команда /start успешно обработана
2025-09-13 10:33:44,086 - INFO - Пользователь: ID: 1461298537, Имя: A H 🇷🇺 (@POPUSKATEL282), Команда: /help, Сообщение: '/help'
2025-09-13 10:33:44,807 - INFO - Команда /help успешно обработана
2025-09-13 10:33:52,334 - INFO - Пользователь: ID: 1461298537, Имя: A H 🇷🇺 (@POPUSKATEL282), Команда: /start, Сообщение: '/start'
2025-09-13 10:33:52,467 - INFO - Команда /start успешно обработана
2025-09-13 10:33:56,398 - INFO - Пользователь: ID: 1461298537, Имя: A H 🇷🇺 (@POPUSKATEL282), Команда: /help, Сообщение: '/help'
2025-09-13 10:33:56,473 - INFO - Команда /help успешно обработана
2025-09-13 10:33:57,863 - INFO - Пользователь: ID: 1461298537, Имя: A H 🇷🇺 (@POPUSKATEL282), Команда: /help, Сообщение: '/help'
2025-09-13 10:33:57,949 - INFO - Команда /help успешно обработана
2025-09-13 10:34:18,102 - INFO - Пользователь: ID: 1461298537, Имя: A H 🇷🇺 (@POPUSKATEL282), Команда: /start, Сообщение: '/start'
2025-09-13 10:34:18,181 - INFO - Команда /start успешно обработана
2025-09-13 10:34:21,913 - INFO - Пользователь: ID: 1461298537, Имя: A H 🇷🇺 (@POPUSKATEL282), Команда: /help, Сообщение: '/help'
2025-09-13 10:34:21,986 - INFO - Команда /help успешно обработана
2025-09-13 10:34:30,759 - INFO - Пользователь: ID: 1461298537, Имя: A H 🇷🇺 (@POPUSKATEL282), Команда: /ping, Сообщение: '/ping'
2025-09-13 10:34:30,902 - INFO - Команда /ping успешно обработана. Время ответа: 75.01 мс
2025-09-13 10:34:38,696 - INFO - Пользователь: ID: 1461298537, Имя: A H 🇷🇺 (@POPUSKATEL282), Команда: /ping, Сообщение: '/ping'
2025-09-13 10:34:38,873 - INFO - Команда /ping успешно обработана. Время ответа: 88.31 мс
2025-09-13 10:34:42,066 - INFO - Пользователь: ID: 1461298537, Имя: A H 🇷🇺 (@POPUSKATEL282), Команда: /ping, Сообщение: '/ping'
2025-09-13 10:34:42,234 - INFO - Команда /ping успешно обработана. Время ответа: 75.36 мс
2025-09-13 10:35:28,287 - ERROR - Infinity polling: polling exited
2025-09-13 10:35:28,287 - ERROR - Break infinity polling
2025-09-13 10:35:28,288 - INFO - Бот успешно запущен
2025-09-13 10:35:28,288 - INFO - Бот завершил работу
2025-09-13 10:35:49,850 - INFO - Бот запускается...
2025-09-13 10:38:14,704 - ERROR - Infinity polling: polling exited
2025-09-13 10:38:14,705 - ERROR - Break infinity polling
2025-09-13 10:38:14,705 - INFO - Бот успешно запущен
2025-09-13 10:38:14,705 - INFO - Бот завершил работу
